<?xml version="1.0" encoding="UTF-8"?>
<robot generator="Robot 3.2.2 (Python 3.8.5 on linux)" generated="20210226 21:27:09.888" rpa="false">
<suite id="s1" name="United" source="/home/tim/Downloads/robot/united.robot">
<kw name="Suite start" type="setup">
<kw name="Set Library Search Order" library="BuiltIn">
<doc>Sets the resolution order to use when a name matches multiple keywords.</doc>
<arguments>
<arg>AppiumLibrary</arg>
<arg>SeleniumLibrary</arg>
</arguments>
<status status="PASS" starttime="20210226 21:27:10.253" endtime="20210226 21:27:10.253"></status>
</kw>
<status status="PASS" starttime="20210226 21:27:10.252" endtime="20210226 21:27:10.253"></status>
</kw>
<test id="s1-t1" name="TC-777">
<kw name="Test start" type="setup">
<kw name="Start" library="router">
<kw name="Close All Browsers" library="SeleniumLibrary">
<doc>Closes all open browsers and resets the browser cache.</doc>
<status status="PASS" starttime="20210226 21:27:10.254" endtime="20210226 21:27:10.255"></status>
</kw>
<kw name="Open Browser" library="SeleniumLibrary">
<doc>Opens a new browser instance to the optional ``url``.</doc>
<arguments>
<arg>${URL_BLOCK_SERVICES}</arg>
<arg>${BROWSER}</arg>
</arguments>
<msg timestamp="20210226 21:27:10.255" level="INFO">Opening browser 'headlessfirefox' to base url 'http://admin:password@192.168.1.1/BKS_service.htm'.</msg>
<msg timestamp="20210226 21:27:10.256" level="INFO">Firefox driver log is always forced to to: /home/tim/Downloads/robot/geckodriver-1.log</msg>
<kw name="Capture Page Screenshot" library="AppiumLibrary">
<doc>Takes a screenshot of the current page and embeds it into the log.</doc>
<kw name="Capture Page Screenshot" library="AppiumLibrary">
<doc>Takes a screenshot of the current page and embeds it into the log.</doc>
<msg timestamp="20210226 21:27:10.261" level="FAIL">No application is open</msg>
<status status="FAIL" starttime="20210226 21:27:10.260" endtime="20210226 21:27:10.261"></status>
</kw>
<msg timestamp="20210226 21:27:10.262" level="WARN">Keyword 'Capture Page Screenshot' could not be run on failure: No application is open</msg>
<msg timestamp="20210226 21:27:10.263" level="FAIL">No application is open</msg>
<status status="FAIL" starttime="20210226 21:27:10.258" endtime="20210226 21:27:10.263"></status>
</kw>
<msg timestamp="20210226 21:27:10.263" level="WARN">Keyword 'Capture Page Screenshot' could not be run on failure: No application is open</msg>
<msg timestamp="20210226 21:27:10.264" level="FAIL">WebDriverException: Message: 'geckodriver' executable needs to be in PATH. 
</msg>
<status status="FAIL" starttime="20210226 21:27:10.255" endtime="20210226 21:27:10.264"></status>
</kw>
<status status="FAIL" starttime="20210226 21:27:10.254" endtime="20210226 21:27:10.265"></status>
</kw>
<status status="FAIL" starttime="20210226 21:27:10.254" endtime="20210226 21:27:10.265"></status>
</kw>
<kw name="Test end" type="teardown">
<kw name="Run Keyword If" library="BuiltIn">
<doc>Runs the given keyword with the given arguments, if ``condition`` is true.</doc>
<arguments>
<arg>'${BLOCKPORT}'!='0'</arg>
<arg>router.Block port</arg>
<arg>0</arg>
</arguments>
<status status="PASS" starttime="20210226 21:27:10.266" endtime="20210226 21:27:10.266"></status>
</kw>
<kw name="End" library="techapp">
<kw name="End Screen Recording" library="techapp">
<kw name="Run Keyword And Ignore Error" library="BuiltIn">
<doc>Runs the given keyword with the given arguments and ignores possible error.</doc>
<arguments>
<arg>Remove Screen Recording If Pass</arg>
</arguments>
<kw name="Remove Screen Recording If Pass" library="techapp">
<kw name="Stop Screen Recording" library="AppiumLibrary">
<doc>Gathers the output from the previously started screen recording              to a media file, then embeds it to the log.html(Android Only).</doc>
<assign>
<var>${filename}</var>
</assign>
<kw name="Capture Page Screenshot" library="AppiumLibrary">
<doc>Takes a screenshot of the current page and embeds it into the log.</doc>
<msg timestamp="20210226 21:27:10.269" level="FAIL">No application is open</msg>
<status status="FAIL" starttime="20210226 21:27:10.268" endtime="20210226 21:27:10.269"></status>
</kw>
<msg timestamp="20210226 21:27:10.270" level="WARN">Keyword 'Capture Page Screenshot' could not be run on failure: No application is open</msg>
<msg timestamp="20210226 21:27:10.271" level="INFO">${filename} = None</msg>
<msg timestamp="20210226 21:27:10.271" level="FAIL">There is no Active Screen Record Session.</msg>
<status status="FAIL" starttime="20210226 21:27:10.268" endtime="20210226 21:27:10.271"></status>
</kw>
<kw name="Log" library="BuiltIn">
<doc>Logs the given message with the given level.</doc>
<arguments>
<arg>${filename}</arg>
</arguments>
<msg timestamp="20210226 21:27:10.271" level="INFO">None</msg>
<status status="PASS" starttime="20210226 21:27:10.271" endtime="20210226 21:27:10.271"></status>
</kw>
<status status="FAIL" starttime="20210226 21:27:10.268" endtime="20210226 21:27:10.272"></status>
</kw>
<status status="PASS" starttime="20210226 21:27:10.267" endtime="20210226 21:27:10.272"></status>
</kw>
<status status="PASS" starttime="20210226 21:27:10.267" endtime="20210226 21:27:10.272"></status>
</kw>
<kw name="Save logcat" library="techapp">
<kw name="Run And Return Rc And Output" library="OperatingSystem">
<doc>Runs the given command in the system and returns the RC and output.</doc>
<arguments>
<arg>adb logcat -d | tail -50</arg>
</arguments>
<assign>
<var>${rc}</var>
<var>${output}</var>
</assign>
<msg timestamp="20210226 21:27:10.274" level="INFO">Running command 'adb logcat -d | tail -50 2&gt;&amp;1'.</msg>
<status status="FAIL" starttime="20210226 21:27:10.272" endtime="20210226 21:27:22.237"></status>
</kw>
<status status="FAIL" starttime="20210226 21:27:10.272" endtime="20210226 21:27:22.238"></status>
</kw>
<status status="FAIL" starttime="20210226 21:27:10.267" endtime="20210226 21:27:22.239"></status>
</kw>
<status status="FAIL" starttime="20210226 21:27:10.265" endtime="20210226 21:27:22.239">Execution terminated by signal</status>
</kw>
<status status="FAIL" starttime="20210226 21:27:10.253" endtime="20210226 21:27:22.240" critical="yes">Setup failed:
WebDriverException: Message: 'geckodriver' executable needs to be in PATH. 


Also teardown failed:
Execution terminated by signal</status>
</test>
<kw name="Suite end" type="teardown">
<kw name="End" library="router">
<kw name="Close All Browsers" library="SeleniumLibrary">
<doc>Closes all open browsers and resets the browser cache.</doc>
<status status="PASS" starttime="20210226 21:27:22.244" endtime="20210226 21:27:22.245"></status>
</kw>
<status status="PASS" starttime="20210226 21:27:22.244" endtime="20210226 21:27:22.245"></status>
</kw>
<status status="PASS" starttime="20210226 21:27:22.243" endtime="20210226 21:27:22.245"></status>
</kw>
<status status="FAIL" starttime="20210226 21:27:09.889" endtime="20210226 21:27:22.245"></status>
</suite>
<statistics>
<total>
<stat pass="0" fail="1">Critical Tests</stat>
<stat pass="0" fail="1">All Tests</stat>
</total>
<tag>
</tag>
<suite>
<stat pass="0" fail="1" id="s1" name="United">United</stat>
</suite>
</statistics>
<errors>
<msg timestamp="20210226 21:27:10.262" level="WARN">Keyword 'Capture Page Screenshot' could not be run on failure: No application is open</msg>
<msg timestamp="20210226 21:27:10.263" level="WARN">Keyword 'Capture Page Screenshot' could not be run on failure: No application is open</msg>
<msg timestamp="20210226 21:27:10.270" level="WARN">Keyword 'Capture Page Screenshot' could not be run on failure: No application is open</msg>
</errors>
</robot>
